<?xml version="1.0" encoding="UTF-8"?>
<!-- Generated by org.testng.reporters.JUnitXMLReporter -->
<testsuite ignored="0" hostname="Arti" failures="0" tests="3" name="Test" time="8.07" errors="0" timestamp="2024-11-26T09:36:02 IST">
  <testcase classname="com.automation.testcases.careersTest" name="testCareersPageUSingDataProvider" time="0.83"/>
  <testcase classname="com.automation.testcases.careersTest" name="verifyCareersPageFunctionalityFromDataBase" time="3.267"/>
  <testcase classname="com.automation.testcases.careersTest" name="verifyCareersPageFunctionalityWithExcelSheet" time="3.771"/>
</testsuite> <!-- Test -->
