<?xml version="1.0" encoding="UTF-8"?>
<!-- Generated by org.testng.reporters.JUnitXMLReporter -->
<testsuite ignored="0" hostname="Arti" failures="0" tests="3" name="Test" time="7.32" errors="0" timestamp="2024-11-26T09:40:28 IST">
  <testcase classname="com.automation.testcases.careersTest" name="testCareersPageUSingDataProvider" time="1.475"/>
  <testcase classname="com.automation.testcases.careersTest" name="verifyCareersPageFunctionalityFromDataBase" time="2.699"/>
  <testcase classname="com.automation.testcases.careersTest" name="verifyCareersPageFunctionalityWithExcelSheet" time="2.832"/>
</testsuite> <!-- Test -->
