<?xml version="1.0" encoding="UTF-8"?>
<testsuite xmlns:xsi="http://www.w3.org/2001/XMLSchema-instance" xsi:schemaLocation="https://maven.apache.org/surefire/maven-surefire-plugin/xsd/surefire-test-report.xsd" name="TestSuite" time="13.695" tests="3" errors="0" skipped="0" failures="0">
  <properties>
[...]
</properties>
  <testcase name="testCareersPageUSingDataProvider" classname="com.automation.testcases.careersTest" time="1.459"/>
  <testcase name="verifyCareersPageFunctionalityFromDataBase" classname="com.automation.testcases.careersTest" time="2.699"/>
  <testcase name="verifyCareersPageFunctionalityWithExcelSheet" classname="com.automation.testcases.careersTest" time="2.832"/>
</testsuite>