<?xml version="1.0" encoding="UTF-8"?>
<testng-results ignored="0" total="3" passed="3" failed="0" skipped="0">
  <reporter-output>
  </reporter-output>
  <suite started-at="2024-11-26T09:35:54 IST" name="Suite" finished-at="2024-11-26T09:36:02 IST" duration-ms="8070">
    <groups>
      <group name="ExcelSheetReader">
        <method signature="careersTest.verifyCareersPageFunctionalityWithExcelSheet()[pri:0, instance:com.automation.testcases.careersTest@1c4ee95c]" name="verifyCareersPageFunctionalityWithExcelSheet" class="com.automation.testcases.careersTest"/>
      </group> <!-- ExcelSheetReader -->
      <group name="DatabaseReader">
        <method signature="careersTest.verifyCareersPageFunctionalityFromDataBase()[pri:0, instance:com.automation.testcases.careersTest@1c4ee95c]" name="verifyCareersPageFunctionalityFromDataBase" class="com.automation.testcases.careersTest"/>
      </group> <!-- DatabaseReader -->
      <group name="dataproviderTestNGCode">
        <method signature="careersTest.testCareersPageUSingDataProvider(java.lang.String,java.lang.String,java.lang.String,java.lang.String,java.lang.String,java.lang.String)[pri:0, instance:com.automation.testcases.careersTest@1c4ee95c]" name="testCareersPageUSingDataProvider" class="com.automation.testcases.careersTest"/>
      </group> <!-- dataproviderTestNGCode -->
    </groups>
    <test started-at="2024-11-26T09:35:54 IST" name="Test" finished-at="2024-11-26T09:36:02 IST" duration-ms="8070">
      <class name="com.automation.testcases.careersTest">
        <test-method signature="testCareersPageUSingDataProvider(java.lang.String,java.lang.String,java.lang.String,java.lang.String,java.lang.String,java.lang.String)[pri:0, instance:com.automation.testcases.careersTest@1c4ee95c]" started-at="2024-11-26T09:35:54 IST" name="testCareersPageUSingDataProvider" data-provider="userData" finished-at="2024-11-26T09:35:55 IST" duration-ms="830" status="PASS">
          <params>
            <param index="0">
              <value>
                <![CDATA[John]]>
              </value>
            </param>
            <param index="1">
              <value>
                <![CDATA[john@gmail.com]]>
              </value>
            </param>
            <param index="2">
              <value>
                <![CDATA[1234567890]]>
              </value>
            </param>
            <param index="3">
              <value>
                <![CDATA[Head]]>
              </value>
            </param>
            <param index="4">
              <value>
                <![CDATA[BE]]>
              </value>
            </param>
            <param index="5">
              <value>
                <![CDATA[MyMsg]]>
              </value>
            </param>
          </params>
          <reporter-output>
          </reporter-output>
        </test-method> <!-- testCareersPageUSingDataProvider -->
        <test-method signature="verifyCareersPageFunctionalityFromDataBase()[pri:0, instance:com.automation.testcases.careersTest@1c4ee95c]" started-at="2024-11-26T09:35:55 IST" name="verifyCareersPageFunctionalityFromDataBase" finished-at="2024-11-26T09:35:58 IST" duration-ms="3267" status="PASS">
          <reporter-output>
          </reporter-output>
        </test-method> <!-- verifyCareersPageFunctionalityFromDataBase -->
        <test-method signature="verifyCareersPageFunctionalityWithExcelSheet()[pri:0, instance:com.automation.testcases.careersTest@1c4ee95c]" started-at="2024-11-26T09:35:58 IST" name="verifyCareersPageFunctionalityWithExcelSheet" finished-at="2024-11-26T09:36:02 IST" duration-ms="3771" status="PASS">
          <reporter-output>
          </reporter-output>
        </test-method> <!-- verifyCareersPageFunctionalityWithExcelSheet -->
      </class> <!-- com.automation.testcases.careersTest -->
    </test> <!-- Test -->
  </suite> <!-- Suite -->
</testng-results>
