<?xml version="1.0" encoding="UTF-8"?>
<testng-results ignored="0" total="2" passed="2" failed="0" skipped="0">
  <reporter-output>
  </reporter-output>
  <suite started-at="2024-11-24T17:10:48 IST" name="Suite" finished-at="2024-11-24T17:10:52 IST" duration-ms="3436">
    <groups>
      <group name="MouseHover">
        <method signature="HomeTest.VerifyPresenceOfWeddingSpecilHeaderCat()[pri:0, instance:com.automation.testcases.HomeTest@5af5def9]" name="VerifyPresenceOfWeddingSpecilHeaderCat" class="com.automation.testcases.HomeTest"/>
      </group> <!-- MouseHover -->
    </groups>
    <test started-at="2024-11-24T17:10:48 IST" name="Test" finished-at="2024-11-24T17:10:52 IST" duration-ms="3436">
      <class name="com.automation.testcases.HomeTest">
        <test-method signature="VerifyPresenceOfWeddingSpecilHeaderCat()[pri:0, instance:com.automation.testcases.HomeTest@5af5def9]" started-at="2024-11-24T17:10:48 IST" name="VerifyPresenceOfWeddingSpecilHeaderCat" finished-at="2024-11-24T17:10:49 IST" duration-ms="258" status="PASS">
          <reporter-output>
          </reporter-output>
        </test-method> <!-- VerifyPresenceOfWeddingSpecilHeaderCat -->
        <test-method signature="verifySearchBeveragesByDragAndDrop()[pri:0, instance:com.automation.testcases.HomeTest@5af5def9]" started-at="2024-11-24T17:10:49 IST" name="verifySearchBeveragesByDragAndDrop" finished-at="2024-11-24T17:10:52 IST" duration-ms="3057" status="PASS">
          <reporter-output>
          </reporter-output>
        </test-method> <!-- verifySearchBeveragesByDragAndDrop -->
      </class> <!-- com.automation.testcases.HomeTest -->
    </test> <!-- Test -->
  </suite> <!-- Suite -->
</testng-results>
